I, [2021-06-08T17:14:07.508543 #488]  INFO -- default-vbox-nginx64: -----> Cleaning up any prior instances of <default-vbox-nginx64>
I, [2021-06-08T17:14:07.509151 #488]  INFO -- default-vbox-nginx64: -----> Destroying <default-vbox-nginx64>...
I, [2021-06-08T17:14:07.509753 #488]  INFO -- default-vbox-nginx64: Finished destroying <default-vbox-nginx64> (0m0.00s).
I, [2021-06-08T17:14:07.509942 #488]  INFO -- default-vbox-nginx64: -----> Testing <default-vbox-nginx64>
I, [2021-06-08T17:14:07.510019 #488]  INFO -- default-vbox-nginx64: -----> Creating <default-vbox-nginx64>...
I, [2021-06-08T17:14:08.322628 #488]  INFO -- default-vbox-nginx64: Bringing machine 'default' up with 'virtualbox' provider...
I, [2021-06-08T17:14:08.524556 #488]  INFO -- default-vbox-nginx64: ==> default: Importing base box 'nginx64'...
I, [2021-06-08T17:14:22.714309 #488]  INFO -- default-vbox-nginx64: [KProgress: 10%[KProgress: 20%[KProgress: 80%[KProgress: 90%[K==> default: Matching MAC address for NAT networking...
I, [2021-06-08T17:14:23.414648 #488]  INFO -- default-vbox-nginx64: ==> default: Setting the name of the VM: kitchen-nginx64-default-vbox-nginx64-534d6a14-0f95-413a-ba69-bec2953da8ac
I, [2021-06-08T17:14:23.726176 #488]  INFO -- default-vbox-nginx64: ==> default: Fixed port collision for 22 => 2222. Now on port 2200.
I, [2021-06-08T17:14:23.769331 #488]  INFO -- default-vbox-nginx64: ==> default: Clearing any previously set network interfaces...
I, [2021-06-08T17:14:23.817071 #488]  INFO -- default-vbox-nginx64: ==> default: Preparing network interfaces based on configuration...
I, [2021-06-08T17:14:23.817371 #488]  INFO -- default-vbox-nginx64:     default: Adapter 1: nat
I, [2021-06-08T17:14:23.863800 #488]  INFO -- default-vbox-nginx64: ==> default: Forwarding ports...
I, [2021-06-08T17:14:23.933892 #488]  INFO -- default-vbox-nginx64:     default: 22 (guest) => 2200 (host) (adapter 1)
I, [2021-06-08T17:14:24.171079 #488]  INFO -- default-vbox-nginx64: ==> default: Running 'pre-boot' VM customizations...
I, [2021-06-08T17:14:24.214260 #488]  INFO -- default-vbox-nginx64: ==> default: Booting VM...
I, [2021-06-08T17:14:24.464132 #488]  INFO -- default-vbox-nginx64: ==> default: Waiting for machine to boot. This may take a few minutes...
I, [2021-06-08T17:14:24.651600 #488]  INFO -- default-vbox-nginx64:     default: SSH address: 127.0.0.1:2200
I, [2021-06-08T17:14:24.651693 #488]  INFO -- default-vbox-nginx64:     default: SSH username: vagrant
I, [2021-06-08T17:14:24.651740 #488]  INFO -- default-vbox-nginx64:     default: SSH auth method: private key
I, [2021-06-08T17:14:40.403743 #488]  INFO -- default-vbox-nginx64:     default: 
I, [2021-06-08T17:14:40.403815 #488]  INFO -- default-vbox-nginx64:     default: Vagrant insecure key detected. Vagrant will automatically replace
I, [2021-06-08T17:14:40.403845 #488]  INFO -- default-vbox-nginx64:     default: this with a newly generated keypair for better security.
I, [2021-06-08T17:14:40.730108 #488]  INFO -- default-vbox-nginx64:     default: 
I, [2021-06-08T17:14:40.730174 #488]  INFO -- default-vbox-nginx64:     default: Inserting generated public key within guest...
I, [2021-06-08T17:14:40.773238 #488]  INFO -- default-vbox-nginx64:     default: Removing insecure key from the guest if it's present...
I, [2021-06-08T17:14:40.812394 #488]  INFO -- default-vbox-nginx64:     default: Key inserted! Disconnecting and reconnecting using new SSH key...
I, [2021-06-08T17:14:41.526218 #488]  INFO -- default-vbox-nginx64: ==> default: Machine booted and ready!
I, [2021-06-08T17:14:41.562966 #488]  INFO -- default-vbox-nginx64: ==> default: Checking for guest additions in VM...
I, [2021-06-08T17:14:41.608313 #488]  INFO -- default-vbox-nginx64: ==> default: Setting hostname...
I, [2021-06-08T17:14:42.291196 #488]  INFO -- default-vbox-nginx64: ==> default: Machine not provisioned because `--no-provision` is specified.
I, [2021-06-08T17:14:43.956237 #488]  INFO -- default-vbox-nginx64: [SSH] Established
I, [2021-06-08T17:14:43.956577 #488]  INFO -- default-vbox-nginx64: Vagrant instance <default-vbox-nginx64> created.
I, [2021-06-08T17:14:43.957491 #488]  INFO -- default-vbox-nginx64: Finished creating <default-vbox-nginx64> (0m36.45s).
I, [2021-06-08T17:14:43.957790 #488]  INFO -- default-vbox-nginx64: -----> Converging <default-vbox-nginx64>...
I, [2021-06-08T17:14:43.958350 #488]  INFO -- default-vbox-nginx64: Preparing files for transfer
I, [2021-06-08T17:14:43.958491 #488]  INFO -- default-vbox-nginx64: Preparing script
I, [2021-06-08T17:14:43.958644 #488]  INFO -- default-vbox-nginx64: No provisioner script file specified, skipping
I, [2021-06-08T17:14:43.967425 #488]  INFO -- default-vbox-nginx64: Transferring files to <default-vbox-nginx64>
I, [2021-06-08T17:14:43.967695 #488]  INFO -- default-vbox-nginx64: Downloading files from <default-vbox-nginx64>
I, [2021-06-08T17:14:43.968307 #488]  INFO -- default-vbox-nginx64: Finished converging <default-vbox-nginx64> (0m0.01s).
I, [2021-06-08T17:14:43.968410 #488]  INFO -- default-vbox-nginx64: -----> Setting up <default-vbox-nginx64>...
I, [2021-06-08T17:14:43.968984 #488]  INFO -- default-vbox-nginx64: Finished setting up <default-vbox-nginx64> (0m0.00s).
I, [2021-06-08T17:14:43.969071 #488]  INFO -- default-vbox-nginx64: -----> Verifying <default-vbox-nginx64>...
I, [2021-06-08T17:14:45.991294 #488]  INFO -- default-vbox-nginx64: Loaded tests from {:path=>".Users.andrew.mcdonald.git.nginx64.test.integration.default"} 
I, [2021-06-08T17:14:46.201765 #488]  INFO -- default-vbox-nginx64: Finished verifying <default-vbox-nginx64> (0m2.23s).
I, [2021-06-08T17:14:46.202377 #488]  INFO -- default-vbox-nginx64: -----> Destroying <default-vbox-nginx64>...
I, [2021-06-08T17:14:48.475445 #488]  INFO -- default-vbox-nginx64: ==> default: Forcing shutdown of VM...
I, [2021-06-08T17:14:49.724632 #488]  INFO -- default-vbox-nginx64: ==> default: Destroying VM and associated drives...
I, [2021-06-08T17:14:49.994408 #488]  INFO -- default-vbox-nginx64: Vagrant instance <default-vbox-nginx64> destroyed.
I, [2021-06-08T17:14:49.995180 #488]  INFO -- default-vbox-nginx64: Finished destroying <default-vbox-nginx64> (0m3.79s).
I, [2021-06-08T17:14:49.996447 #488]  INFO -- default-vbox-nginx64: Finished testing <default-vbox-nginx64> (0m42.49s).
